<?xml version="1.0" encoding="UTF-8"?>
<testsuite name="test_e2e.TestMedicineE2E-20260626140906" tests="4" file="test_e2e.py" time="5.047" timestamp="2026-06-26T14:09:25" failures="0" errors="0" skipped="0">
	<testcase classname="test_e2e.TestMedicineE2E" name="test_01_create_medicine" time="1.611" timestamp="2026-06-26T14:09:22" file="test_e2e.py" line="313"/>
	<testcase classname="test_e2e.TestMedicineE2E" name="test_02_create_medicine_negative_stock" time="0.462" timestamp="2026-06-26T14:09:22" file="test_e2e.py" line="328"/>
	<testcase classname="test_e2e.TestMedicineE2E" name="test_03_edit_medicine" time="1.297" timestamp="2026-06-26T14:09:23" file="test_e2e.py" line="339"/>
	<testcase classname="test_e2e.TestMedicineE2E" name="test_04_delete_medicine" time="1.677" timestamp="2026-06-26T14:09:25" file="test_e2e.py" line="357"/>
</testsuite>
