<?xml version="1.0" encoding="UTF-8"?>
<testsuite name="test_e2e.TestNavigationE2E-20260626140906" tests="4" file="test_e2e.py" time="0.422" timestamp="2026-06-26T14:09:31" failures="0" errors="0" skipped="0">
	<testcase classname="test_e2e.TestNavigationE2E" name="test_01_default_tab_is_product" time="0.194" timestamp="2026-06-26T14:09:30" file="test_e2e.py" line="496"/>
	<testcase classname="test_e2e.TestNavigationE2E" name="test_02_switch_to_medicine_tab" time="0.109" timestamp="2026-06-26T14:09:31" file="test_e2e.py" line="499"/>
	<testcase classname="test_e2e.TestNavigationE2E" name="test_03_switch_to_user_tab" time="0.113" timestamp="2026-06-26T14:09:31" file="test_e2e.py" line="507"/>
	<testcase classname="test_e2e.TestNavigationE2E" name="test_04_page_title" time="0.005" timestamp="2026-06-26T14:09:31" file="test_e2e.py" line="514"/>
</testsuite>
