<?xml version="1.0" encoding="UTF-8"?>
<testsuite name="test_api.TestLogin-20260626141224" tests="5" file="test_api.py" time="11.674" timestamp="2026-06-26T14:12:42" failures="0" errors="0" skipped="0">
	<testcase classname="test_api.TestLogin" name="test_login_empty_body" time="2.073" timestamp="2026-06-26T14:12:33" file="test_api.py" line="66"/>
	<testcase classname="test_api.TestLogin" name="test_login_missing_fields" time="2.531" timestamp="2026-06-26T14:12:35" file="test_api.py" line="70"/>
	<testcase classname="test_api.TestLogin" name="test_login_nonexistent_user" time="2.033" timestamp="2026-06-26T14:12:37" file="test_api.py" line="62"/>
	<testcase classname="test_api.TestLogin" name="test_login_success" time="2.522" timestamp="2026-06-26T14:12:40" file="test_api.py" line="50"/>
	<testcase classname="test_api.TestLogin" name="test_login_wrong_password" time="2.516" timestamp="2026-06-26T14:12:42" file="test_api.py" line="57"/>
</testsuite>
